Reading netlist file: "C:\Users\Panagiotis\Documents\GitHub\RiscYNew\RISCY_primer25k\impl\gwsynthesis\RISCY.vg"
Parsing netlist file "C:\Users\Panagiotis\Documents\GitHub\RiscYNew\RISCY_primer25k\impl\gwsynthesis\RISCY.vg" completed
Processing netlist completed
Reading constraint file: "C:\Users\Panagiotis\Documents\GitHub\RiscYNew\RISCY_primer25k\src\tangnano9k.cst"
Physical Constraint parsed completed
Running placement......
[10%] Placement Phase 0 completed
[20%] Placement Phase 1 completed
[30%] Placement Phase 2 completed
WARN  (TA1132) :  'Gowin_CLKDIV_inst/clkdiv_inst/CLKOUT.default_gen_clk' was determined to be a clock but was not created.
[50%] Placement Phase 3 completed
Running routing......
[60%] Routing Phase 0 completed
[70%] Routing Phase 1 completed
[80%] Routing Phase 2 completed
[90%] Routing Phase 3 completed
Running timing analysis......
[95%] Timing analysis completed
Placement and routing completed
Bitstream generation in progress......
Bitstream generation completed
Running power analysis......
[100%] Power analysis completed
Generate file "C:\Users\Panagiotis\Documents\GitHub\RiscYNew\RISCY_primer25k\impl\pnr\RISCY.power.html" completed
Generate file "C:\Users\Panagiotis\Documents\GitHub\RiscYNew\RISCY_primer25k\impl\pnr\RISCY.pin.html" completed
Generate file "C:\Users\Panagiotis\Documents\GitHub\RiscYNew\RISCY_primer25k\impl\pnr\RISCY.rpt.html" completed
Generate file "C:\Users\Panagiotis\Documents\GitHub\RiscYNew\RISCY_primer25k\impl\pnr\RISCY.rpt.txt" completed
Generate file "C:\Users\Panagiotis\Documents\GitHub\RiscYNew\RISCY_primer25k\impl\pnr\RISCY.tr.html" completed
Sat Feb 15 14:19:30 2025

