#! /c/Source/iverilog-install/bin/vvp
:ivl_version "12.0 (devel)" "(s20150603-1539-g2693dd32b)";
:ivl_delay_selection "TYPICAL";
:vpi_time_precision + 0;
:vpi_module "C:\iverilog\lib\ivl\system.vpi";
:vpi_module "C:\iverilog\lib\ivl\vhdl_sys.vpi";
:vpi_module "C:\iverilog\lib\ivl\vhdl_textio.vpi";
:vpi_module "C:\iverilog\lib\ivl\v2005_math.vpi";
:vpi_module "C:\iverilog\lib\ivl\va_math.vpi";
S_000002f043ef66b0 .scope module, "vALU" "vALU" 2 4;
 .timescale 0 0;
    .port_info 0 /INPUT 128 "reg_in1";
    .port_info 1 /INPUT 128 "reg_in2";
    .port_info 2 /INPUT 128 "reg_scalar_in";
    .port_info 3 /INPUT 3 "valu_op";
    .port_info 4 /INPUT 8 "SEW";
    .port_info 5 /OUTPUT 128 "reg_dest";
P_000002f043dc80f0 .param/l "VLEN" 0 2 20, C4<10000000>;
o000002f043dcf008 .functor BUFZ 8, C4<zzzzzzzz>; HiZ drive
v000002f043ef8a20_0 .net "SEW", 7 0, o000002f043dcf008;  0 drivers
v000002f043ef6840_0 .var/i "i", 31 0;
v000002f043ef68e0_0 .var "reg_dest", 127 0;
o000002f043dcf098 .functor BUFZ 128, C4<zzzzzzzzzzzzzzzzzzzzzzzzzzzzzzzzzzzzzzzzzzzzzzzzzzzzzzzzzzzzzzzzzzzzzzzzzzzzzzzzzzzzzzzzzzzzzzzzzzzzzzzzzzzzzzzzzzzzzzzzzzzzzzzz>; HiZ drive
v000002f043ef6980_0 .net "reg_in1", 127 0, o000002f043dcf098;  0 drivers
o000002f043dcf0c8 .functor BUFZ 128, C4<zzzzzzzzzzzzzzzzzzzzzzzzzzzzzzzzzzzzzzzzzzzzzzzzzzzzzzzzzzzzzzzzzzzzzzzzzzzzzzzzzzzzzzzzzzzzzzzzzzzzzzzzzzzzzzzzzzzzzzzzzzzzzzzz>; HiZ drive
v000002f043ef6a20_0 .net "reg_in2", 127 0, o000002f043dcf0c8;  0 drivers
o000002f043dcf0f8 .functor BUFZ 128, C4<zzzzzzzzzzzzzzzzzzzzzzzzzzzzzzzzzzzzzzzzzzzzzzzzzzzzzzzzzzzzzzzzzzzzzzzzzzzzzzzzzzzzzzzzzzzzzzzzzzzzzzzzzzzzzzzzzzzzzzzzzzzzzzzz>; HiZ drive
v000002f043d84100_0 .net "reg_scalar_in", 127 0, o000002f043dcf0f8;  0 drivers
v000002f043d841a0_0 .var "temp", 127 0;
v000002f043d84240_0 .var "temp_mult", 256 0;
o000002f043dcf188 .functor BUFZ 3, C4<zzz>; HiZ drive
v000002f043d842e0_0 .net "valu_op", 2 0, o000002f043dcf188;  0 drivers
E_000002f043dc8a30/0 .event anyedge, v000002f043d842e0_0, v000002f043ef8a20_0, v000002f043ef6980_0, v000002f043ef6a20_0;
E_000002f043dc8a30/1 .event anyedge, v000002f043d84100_0, v000002f043d84240_0, v000002f043d841a0_0;
E_000002f043dc8a30 .event/or E_000002f043dc8a30/0, E_000002f043dc8a30/1;
    .scope S_000002f043ef66b0;
T_0 ;
    %wait E_000002f043dc8a30;
    %pushi/vec4 0, 0, 128;
    %store/vec4 v000002f043ef68e0_0, 0, 128;
    %load/vec4 v000002f043d842e0_0;
    %dup/vec4;
    %pushi/vec4 0, 0, 3;
    %cmp/u;
    %jmp/1 T_0.0, 6;
    %dup/vec4;
    %pushi/vec4 1, 0, 3;
    %cmp/u;
    %jmp/1 T_0.1, 6;
    %dup/vec4;
    %pushi/vec4 2, 0, 3;
    %cmp/u;
    %jmp/1 T_0.2, 6;
    %dup/vec4;
    %pushi/vec4 3, 0, 3;
    %cmp/u;
    %jmp/1 T_0.3, 6;
    %dup/vec4;
    %pushi/vec4 4, 0, 3;
    %cmp/u;
    %jmp/1 T_0.4, 6;
    %dup/vec4;
    %pushi/vec4 5, 0, 3;
    %cmp/u;
    %jmp/1 T_0.5, 6;
    %dup/vec4;
    %pushi/vec4 6, 0, 3;
    %cmp/u;
    %jmp/1 T_0.6, 6;
    %dup/vec4;
    %pushi/vec4 7, 0, 3;
    %cmp/u;
    %jmp/1 T_0.7, 6;
    %pushi/vec4 0, 0, 128;
    %store/vec4 v000002f043ef68e0_0, 0, 128;
    %jmp T_0.9;
T_0.0 ;
    %load/vec4 v000002f043ef8a20_0;
    %dup/vec4;
    %pushi/vec4 8, 0, 8;
    %cmp/u;
    %jmp/1 T_0.10, 6;
    %dup/vec4;
    %pushi/vec4 16, 0, 8;
    %cmp/u;
    %jmp/1 T_0.11, 6;
    %dup/vec4;
    %pushi/vec4 32, 0, 8;
    %cmp/u;
    %jmp/1 T_0.12, 6;
    %dup/vec4;
    %pushi/vec4 64, 0, 8;
    %cmp/u;
    %jmp/1 T_0.13, 6;
    %dup/vec4;
    %pushi/vec4 128, 0, 8;
    %cmp/u;
    %jmp/1 T_0.14, 6;
    %jmp T_0.15;
T_0.10 ;
    %pushi/vec4 0, 0, 32;
    %store/vec4 v000002f043ef6840_0, 0, 32;
T_0.16 ;
    %load/vec4 v000002f043ef6840_0;
    %cmpi/u 16, 0, 32;
    %jmp/0xz T_0.17, 5;
    %load/vec4 v000002f043ef6980_0;
    %load/vec4 v000002f043ef6840_0;
    %muli 8, 0, 32;
    %part/s 8;
    %load/vec4 v000002f043ef6a20_0;
    %load/vec4 v000002f043ef6840_0;
    %muli 8, 0, 32;
    %part/s 8;
    %add;
    %load/vec4 v000002f043ef6840_0;
    %muli 8, 0, 32;
    %ix/vec4/s 4;
    %store/vec4 v000002f043ef68e0_0, 4, 8;
    %load/vec4 v000002f043ef6840_0;
    %addi 1, 0, 32;
    %store/vec4 v000002f043ef6840_0, 0, 32;
    %jmp T_0.16;
T_0.17 ;
    %jmp T_0.15;
T_0.11 ;
    %pushi/vec4 0, 0, 32;
    %store/vec4 v000002f043ef6840_0, 0, 32;
T_0.18 ;
    %load/vec4 v000002f043ef6840_0;
    %cmpi/u 8, 0, 32;
    %jmp/0xz T_0.19, 5;
    %load/vec4 v000002f043ef6980_0;
    %load/vec4 v000002f043ef6840_0;
    %muli 16, 0, 32;
    %part/s 16;
    %load/vec4 v000002f043ef6a20_0;
    %load/vec4 v000002f043ef6840_0;
    %muli 16, 0, 32;
    %part/s 16;
    %add;
    %load/vec4 v000002f043ef6840_0;
    %muli 16, 0, 32;
    %ix/vec4/s 4;
    %store/vec4 v000002f043ef68e0_0, 4, 16;
    %load/vec4 v000002f043ef6840_0;
    %addi 1, 0, 32;
    %store/vec4 v000002f043ef6840_0, 0, 32;
    %jmp T_0.18;
T_0.19 ;
    %jmp T_0.15;
T_0.12 ;
    %pushi/vec4 0, 0, 32;
    %store/vec4 v000002f043ef6840_0, 0, 32;
T_0.20 ;
    %load/vec4 v000002f043ef6840_0;
    %cmpi/u 4, 0, 32;
    %jmp/0xz T_0.21, 5;
    %load/vec4 v000002f043ef6980_0;
    %load/vec4 v000002f043ef6840_0;
    %muli 32, 0, 32;
    %part/s 32;
    %load/vec4 v000002f043ef6a20_0;
    %load/vec4 v000002f043ef6840_0;
    %muli 32, 0, 32;
    %part/s 32;
    %add;
    %load/vec4 v000002f043ef6840_0;
    %muli 32, 0, 32;
    %ix/vec4/s 4;
    %store/vec4 v000002f043ef68e0_0, 4, 32;
    %load/vec4 v000002f043ef6840_0;
    %addi 1, 0, 32;
    %store/vec4 v000002f043ef6840_0, 0, 32;
    %jmp T_0.20;
T_0.21 ;
    %jmp T_0.15;
T_0.13 ;
    %pushi/vec4 0, 0, 32;
    %store/vec4 v000002f043ef6840_0, 0, 32;
T_0.22 ;
    %load/vec4 v000002f043ef6840_0;
    %cmpi/u 2, 0, 32;
    %jmp/0xz T_0.23, 5;
    %load/vec4 v000002f043ef6980_0;
    %load/vec4 v000002f043ef6840_0;
    %muli 64, 0, 32;
    %part/s 64;
    %load/vec4 v000002f043ef6a20_0;
    %load/vec4 v000002f043ef6840_0;
    %muli 64, 0, 32;
    %part/s 64;
    %add;
    %load/vec4 v000002f043ef6840_0;
    %muli 64, 0, 32;
    %ix/vec4/s 4;
    %store/vec4 v000002f043ef68e0_0, 4, 64;
    %load/vec4 v000002f043ef6840_0;
    %addi 1, 0, 32;
    %store/vec4 v000002f043ef6840_0, 0, 32;
    %jmp T_0.22;
T_0.23 ;
    %jmp T_0.15;
T_0.14 ;
    %load/vec4 v000002f043ef6980_0;
    %load/vec4 v000002f043ef6a20_0;
    %add;
    %store/vec4 v000002f043ef68e0_0, 0, 128;
    %jmp T_0.15;
T_0.15 ;
    %pop/vec4 1;
    %jmp T_0.9;
T_0.1 ;
    %load/vec4 v000002f043ef8a20_0;
    %dup/vec4;
    %pushi/vec4 8, 0, 8;
    %cmp/u;
    %jmp/1 T_0.24, 6;
    %dup/vec4;
    %pushi/vec4 16, 0, 8;
    %cmp/u;
    %jmp/1 T_0.25, 6;
    %dup/vec4;
    %pushi/vec4 32, 0, 8;
    %cmp/u;
    %jmp/1 T_0.26, 6;
    %dup/vec4;
    %pushi/vec4 64, 0, 8;
    %cmp/u;
    %jmp/1 T_0.27, 6;
    %dup/vec4;
    %pushi/vec4 128, 0, 8;
    %cmp/u;
    %jmp/1 T_0.28, 6;
    %jmp T_0.29;
T_0.24 ;
    %pushi/vec4 0, 0, 32;
    %store/vec4 v000002f043ef6840_0, 0, 32;
T_0.30 ;
    %load/vec4 v000002f043ef6840_0;
    %cmpi/u 16, 0, 32;
    %jmp/0xz T_0.31, 5;
    %load/vec4 v000002f043ef6980_0;
    %load/vec4 v000002f043ef6840_0;
    %muli 8, 0, 32;
    %part/s 8;
    %load/vec4 v000002f043d84100_0;
    %parti/s 8, 0, 2;
    %add;
    %load/vec4 v000002f043ef6840_0;
    %muli 8, 0, 32;
    %ix/vec4/s 4;
    %store/vec4 v000002f043ef68e0_0, 4, 8;
    %load/vec4 v000002f043ef6840_0;
    %addi 1, 0, 32;
    %store/vec4 v000002f043ef6840_0, 0, 32;
    %jmp T_0.30;
T_0.31 ;
    %jmp T_0.29;
T_0.25 ;
    %pushi/vec4 0, 0, 32;
    %store/vec4 v000002f043ef6840_0, 0, 32;
T_0.32 ;
    %load/vec4 v000002f043ef6840_0;
    %cmpi/u 8, 0, 32;
    %jmp/0xz T_0.33, 5;
    %load/vec4 v000002f043ef6980_0;
    %load/vec4 v000002f043ef6840_0;
    %muli 16, 0, 32;
    %part/s 16;
    %load/vec4 v000002f043d84100_0;
    %parti/s 16, 0, 2;
    %add;
    %load/vec4 v000002f043ef6840_0;
    %muli 16, 0, 32;
    %ix/vec4/s 4;
    %store/vec4 v000002f043ef68e0_0, 4, 16;
    %load/vec4 v000002f043ef6840_0;
    %addi 1, 0, 32;
    %store/vec4 v000002f043ef6840_0, 0, 32;
    %jmp T_0.32;
T_0.33 ;
    %jmp T_0.29;
T_0.26 ;
    %pushi/vec4 0, 0, 32;
    %store/vec4 v000002f043ef6840_0, 0, 32;
T_0.34 ;
    %load/vec4 v000002f043ef6840_0;
    %cmpi/u 4, 0, 32;
    %jmp/0xz T_0.35, 5;
    %load/vec4 v000002f043ef6980_0;
    %load/vec4 v000002f043ef6840_0;
    %muli 32, 0, 32;
    %part/s 32;
    %load/vec4 v000002f043d84100_0;
    %parti/s 32, 0, 2;
    %add;
    %load/vec4 v000002f043ef6840_0;
    %muli 32, 0, 32;
    %ix/vec4/s 4;
    %store/vec4 v000002f043ef68e0_0, 4, 32;
    %load/vec4 v000002f043ef6840_0;
    %addi 1, 0, 32;
    %store/vec4 v000002f043ef6840_0, 0, 32;
    %jmp T_0.34;
T_0.35 ;
    %jmp T_0.29;
T_0.27 ;
    %pushi/vec4 0, 0, 32;
    %store/vec4 v000002f043ef6840_0, 0, 32;
T_0.36 ;
    %load/vec4 v000002f043ef6840_0;
    %cmpi/u 2, 0, 32;
    %jmp/0xz T_0.37, 5;
    %load/vec4 v000002f043ef6980_0;
    %load/vec4 v000002f043ef6840_0;
    %muli 64, 0, 32;
    %part/s 64;
    %load/vec4 v000002f043d84100_0;
    %parti/s 64, 0, 2;
    %add;
    %load/vec4 v000002f043ef6840_0;
    %muli 64, 0, 32;
    %ix/vec4/s 4;
    %store/vec4 v000002f043ef68e0_0, 4, 64;
    %load/vec4 v000002f043ef6840_0;
    %addi 1, 0, 32;
    %store/vec4 v000002f043ef6840_0, 0, 32;
    %jmp T_0.36;
T_0.37 ;
    %jmp T_0.29;
T_0.28 ;
    %load/vec4 v000002f043ef6980_0;
    %load/vec4 v000002f043d84100_0;
    %add;
    %store/vec4 v000002f043ef68e0_0, 0, 128;
    %jmp T_0.29;
T_0.29 ;
    %pop/vec4 1;
    %jmp T_0.9;
T_0.2 ;
    %load/vec4 v000002f043ef8a20_0;
    %dup/vec4;
    %pushi/vec4 8, 0, 8;
    %cmp/u;
    %jmp/1 T_0.38, 6;
    %dup/vec4;
    %pushi/vec4 16, 0, 8;
    %cmp/u;
    %jmp/1 T_0.39, 6;
    %dup/vec4;
    %pushi/vec4 32, 0, 8;
    %cmp/u;
    %jmp/1 T_0.40, 6;
    %dup/vec4;
    %pushi/vec4 64, 0, 8;
    %cmp/u;
    %jmp/1 T_0.41, 6;
    %dup/vec4;
    %pushi/vec4 128, 0, 8;
    %cmp/u;
    %jmp/1 T_0.42, 6;
    %jmp T_0.43;
T_0.38 ;
    %pushi/vec4 0, 0, 32;
    %store/vec4 v000002f043ef6840_0, 0, 32;
T_0.44 ;
    %load/vec4 v000002f043ef6840_0;
    %cmpi/u 16, 0, 32;
    %jmp/0xz T_0.45, 5;
    %load/vec4 v000002f043ef6980_0;
    %load/vec4 v000002f043ef6840_0;
    %muli 8, 0, 32;
    %part/s 8;
    %load/vec4 v000002f043ef6a20_0;
    %load/vec4 v000002f043ef6840_0;
    %muli 8, 0, 32;
    %part/s 8;
    %sub;
    %load/vec4 v000002f043ef6840_0;
    %muli 8, 0, 32;
    %ix/vec4/s 4;
    %store/vec4 v000002f043ef68e0_0, 4, 8;
    %load/vec4 v000002f043ef6840_0;
    %addi 1, 0, 32;
    %store/vec4 v000002f043ef6840_0, 0, 32;
    %jmp T_0.44;
T_0.45 ;
    %jmp T_0.43;
T_0.39 ;
    %pushi/vec4 0, 0, 32;
    %store/vec4 v000002f043ef6840_0, 0, 32;
T_0.46 ;
    %load/vec4 v000002f043ef6840_0;
    %cmpi/u 8, 0, 32;
    %jmp/0xz T_0.47, 5;
    %load/vec4 v000002f043ef6980_0;
    %load/vec4 v000002f043ef6840_0;
    %muli 16, 0, 32;
    %part/s 16;
    %load/vec4 v000002f043ef6a20_0;
    %load/vec4 v000002f043ef6840_0;
    %muli 16, 0, 32;
    %part/s 16;
    %sub;
    %load/vec4 v000002f043ef6840_0;
    %muli 16, 0, 32;
    %ix/vec4/s 4;
    %store/vec4 v000002f043ef68e0_0, 4, 16;
    %load/vec4 v000002f043ef6840_0;
    %addi 1, 0, 32;
    %store/vec4 v000002f043ef6840_0, 0, 32;
    %jmp T_0.46;
T_0.47 ;
    %jmp T_0.43;
T_0.40 ;
    %pushi/vec4 0, 0, 32;
    %store/vec4 v000002f043ef6840_0, 0, 32;
T_0.48 ;
    %load/vec4 v000002f043ef6840_0;
    %cmpi/u 4, 0, 32;
    %jmp/0xz T_0.49, 5;
    %load/vec4 v000002f043ef6980_0;
    %load/vec4 v000002f043ef6840_0;
    %muli 32, 0, 32;
    %part/s 32;
    %load/vec4 v000002f043ef6a20_0;
    %load/vec4 v000002f043ef6840_0;
    %muli 32, 0, 32;
    %part/s 32;
    %sub;
    %load/vec4 v000002f043ef6840_0;
    %muli 32, 0, 32;
    %ix/vec4/s 4;
    %store/vec4 v000002f043ef68e0_0, 4, 32;
    %load/vec4 v000002f043ef6840_0;
    %addi 1, 0, 32;
    %store/vec4 v000002f043ef6840_0, 0, 32;
    %jmp T_0.48;
T_0.49 ;
    %jmp T_0.43;
T_0.41 ;
    %pushi/vec4 0, 0, 32;
    %store/vec4 v000002f043ef6840_0, 0, 32;
T_0.50 ;
    %load/vec4 v000002f043ef6840_0;
    %cmpi/u 2, 0, 32;
    %jmp/0xz T_0.51, 5;
    %load/vec4 v000002f043ef6980_0;
    %load/vec4 v000002f043ef6840_0;
    %muli 64, 0, 32;
    %part/s 64;
    %load/vec4 v000002f043ef6a20_0;
    %load/vec4 v000002f043ef6840_0;
    %muli 64, 0, 32;
    %part/s 64;
    %sub;
    %load/vec4 v000002f043ef6840_0;
    %muli 64, 0, 32;
    %ix/vec4/s 4;
    %store/vec4 v000002f043ef68e0_0, 4, 64;
    %load/vec4 v000002f043ef6840_0;
    %addi 1, 0, 32;
    %store/vec4 v000002f043ef6840_0, 0, 32;
    %jmp T_0.50;
T_0.51 ;
    %jmp T_0.43;
T_0.42 ;
    %load/vec4 v000002f043ef6980_0;
    %load/vec4 v000002f043ef6a20_0;
    %sub;
    %store/vec4 v000002f043ef68e0_0, 0, 128;
    %jmp T_0.43;
T_0.43 ;
    %pop/vec4 1;
    %jmp T_0.9;
T_0.3 ;
    %load/vec4 v000002f043ef8a20_0;
    %dup/vec4;
    %pushi/vec4 8, 0, 8;
    %cmp/u;
    %jmp/1 T_0.52, 6;
    %dup/vec4;
    %pushi/vec4 16, 0, 8;
    %cmp/u;
    %jmp/1 T_0.53, 6;
    %dup/vec4;
    %pushi/vec4 32, 0, 8;
    %cmp/u;
    %jmp/1 T_0.54, 6;
    %dup/vec4;
    %pushi/vec4 64, 0, 8;
    %cmp/u;
    %jmp/1 T_0.55, 6;
    %dup/vec4;
    %pushi/vec4 128, 0, 8;
    %cmp/u;
    %jmp/1 T_0.56, 6;
    %jmp T_0.57;
T_0.52 ;
    %pushi/vec4 0, 0, 32;
    %store/vec4 v000002f043ef6840_0, 0, 32;
T_0.58 ;
    %load/vec4 v000002f043ef6840_0;
    %cmpi/u 16, 0, 32;
    %jmp/0xz T_0.59, 5;
    %load/vec4 v000002f043ef6980_0;
    %load/vec4 v000002f043ef6840_0;
    %muli 8, 0, 32;
    %part/s 8;
    %load/vec4 v000002f043d84100_0;
    %parti/s 8, 0, 2;
    %sub;
    %load/vec4 v000002f043ef6840_0;
    %muli 8, 0, 32;
    %ix/vec4/s 4;
    %store/vec4 v000002f043ef68e0_0, 4, 8;
    %load/vec4 v000002f043ef6840_0;
    %addi 1, 0, 32;
    %store/vec4 v000002f043ef6840_0, 0, 32;
    %jmp T_0.58;
T_0.59 ;
    %jmp T_0.57;
T_0.53 ;
    %pushi/vec4 0, 0, 32;
    %store/vec4 v000002f043ef6840_0, 0, 32;
T_0.60 ;
    %load/vec4 v000002f043ef6840_0;
    %cmpi/u 8, 0, 32;
    %jmp/0xz T_0.61, 5;
    %load/vec4 v000002f043ef6980_0;
    %load/vec4 v000002f043ef6840_0;
    %muli 16, 0, 32;
    %part/s 16;
    %load/vec4 v000002f043d84100_0;
    %parti/s 16, 0, 2;
    %sub;
    %load/vec4 v000002f043ef6840_0;
    %muli 16, 0, 32;
    %ix/vec4/s 4;
    %store/vec4 v000002f043ef68e0_0, 4, 16;
    %load/vec4 v000002f043ef6840_0;
    %addi 1, 0, 32;
    %store/vec4 v000002f043ef6840_0, 0, 32;
    %jmp T_0.60;
T_0.61 ;
    %jmp T_0.57;
T_0.54 ;
    %pushi/vec4 0, 0, 32;
    %store/vec4 v000002f043ef6840_0, 0, 32;
T_0.62 ;
    %load/vec4 v000002f043ef6840_0;
    %cmpi/u 4, 0, 32;
    %jmp/0xz T_0.63, 5;
    %load/vec4 v000002f043ef6980_0;
    %load/vec4 v000002f043ef6840_0;
    %muli 32, 0, 32;
    %part/s 32;
    %load/vec4 v000002f043d84100_0;
    %parti/s 32, 0, 2;
    %sub;
    %load/vec4 v000002f043ef6840_0;
    %muli 32, 0, 32;
    %ix/vec4/s 4;
    %store/vec4 v000002f043ef68e0_0, 4, 32;
    %load/vec4 v000002f043ef6840_0;
    %addi 1, 0, 32;
    %store/vec4 v000002f043ef6840_0, 0, 32;
    %jmp T_0.62;
T_0.63 ;
    %jmp T_0.57;
T_0.55 ;
    %pushi/vec4 0, 0, 32;
    %store/vec4 v000002f043ef6840_0, 0, 32;
T_0.64 ;
    %load/vec4 v000002f043ef6840_0;
    %cmpi/u 2, 0, 32;
    %jmp/0xz T_0.65, 5;
    %load/vec4 v000002f043ef6980_0;
    %load/vec4 v000002f043ef6840_0;
    %muli 64, 0, 32;
    %part/s 64;
    %load/vec4 v000002f043d84100_0;
    %parti/s 64, 0, 2;
    %sub;
    %load/vec4 v000002f043ef6840_0;
    %muli 64, 0, 32;
    %ix/vec4/s 4;
    %store/vec4 v000002f043ef68e0_0, 4, 64;
    %load/vec4 v000002f043ef6840_0;
    %addi 1, 0, 32;
    %store/vec4 v000002f043ef6840_0, 0, 32;
    %jmp T_0.64;
T_0.65 ;
    %jmp T_0.57;
T_0.56 ;
    %load/vec4 v000002f043ef6980_0;
    %load/vec4 v000002f043d84100_0;
    %sub;
    %store/vec4 v000002f043ef68e0_0, 0, 128;
    %jmp T_0.57;
T_0.57 ;
    %pop/vec4 1;
    %jmp T_0.9;
T_0.4 ;
    %load/vec4 v000002f043ef8a20_0;
    %dup/vec4;
    %pushi/vec4 8, 0, 8;
    %cmp/u;
    %jmp/1 T_0.66, 6;
    %dup/vec4;
    %pushi/vec4 16, 0, 8;
    %cmp/u;
    %jmp/1 T_0.67, 6;
    %dup/vec4;
    %pushi/vec4 32, 0, 8;
    %cmp/u;
    %jmp/1 T_0.68, 6;
    %dup/vec4;
    %pushi/vec4 64, 0, 8;
    %cmp/u;
    %jmp/1 T_0.69, 6;
    %dup/vec4;
    %pushi/vec4 128, 0, 8;
    %cmp/u;
    %jmp/1 T_0.70, 6;
    %jmp T_0.71;
T_0.66 ;
    %pushi/vec4 0, 0, 32;
    %store/vec4 v000002f043ef6840_0, 0, 32;
T_0.72 ;
    %load/vec4 v000002f043ef6840_0;
    %cmpi/u 16, 0, 32;
    %jmp/0xz T_0.73, 5;
    %load/vec4 v000002f043ef6980_0;
    %load/vec4 v000002f043ef6840_0;
    %muli 8, 0, 32;
    %part/s 8;
    %pad/s 257;
    %load/vec4 v000002f043ef6a20_0;
    %load/vec4 v000002f043ef6840_0;
    %muli 8, 0, 32;
    %part/s 8;
    %pad/s 257;
    %mul;
    %store/vec4 v000002f043d84240_0, 0, 257;
    %load/vec4 v000002f043d84240_0;
    %parti/s 8, 0, 2;
    %load/vec4 v000002f043ef6840_0;
    %muli 8, 0, 32;
    %ix/vec4/s 4;
    %store/vec4 v000002f043ef68e0_0, 4, 8;
    %load/vec4 v000002f043ef6840_0;
    %addi 1, 0, 32;
    %store/vec4 v000002f043ef6840_0, 0, 32;
    %jmp T_0.72;
T_0.73 ;
    %jmp T_0.71;
T_0.67 ;
    %pushi/vec4 0, 0, 32;
    %store/vec4 v000002f043ef6840_0, 0, 32;
T_0.74 ;
    %load/vec4 v000002f043ef6840_0;
    %cmpi/u 8, 0, 32;
    %jmp/0xz T_0.75, 5;
    %load/vec4 v000002f043ef6980_0;
    %load/vec4 v000002f043ef6840_0;
    %muli 16, 0, 32;
    %part/s 16;
    %pad/s 257;
    %load/vec4 v000002f043ef6a20_0;
    %load/vec4 v000002f043ef6840_0;
    %muli 16, 0, 32;
    %part/s 16;
    %pad/s 257;
    %mul;
    %store/vec4 v000002f043d84240_0, 0, 257;
    %load/vec4 v000002f043d84240_0;
    %parti/s 16, 0, 2;
    %load/vec4 v000002f043ef6840_0;
    %muli 16, 0, 32;
    %ix/vec4/s 4;
    %store/vec4 v000002f043ef68e0_0, 4, 16;
    %load/vec4 v000002f043ef6840_0;
    %addi 1, 0, 32;
    %store/vec4 v000002f043ef6840_0, 0, 32;
    %jmp T_0.74;
T_0.75 ;
    %jmp T_0.71;
T_0.68 ;
    %pushi/vec4 0, 0, 32;
    %store/vec4 v000002f043ef6840_0, 0, 32;
T_0.76 ;
    %load/vec4 v000002f043ef6840_0;
    %cmpi/u 4, 0, 32;
    %jmp/0xz T_0.77, 5;
    %load/vec4 v000002f043ef6980_0;
    %load/vec4 v000002f043ef6840_0;
    %muli 32, 0, 32;
    %part/s 32;
    %pad/s 257;
    %load/vec4 v000002f043ef6a20_0;
    %load/vec4 v000002f043ef6840_0;
    %muli 32, 0, 32;
    %part/s 32;
    %pad/s 257;
    %mul;
    %store/vec4 v000002f043d84240_0, 0, 257;
    %load/vec4 v000002f043d84240_0;
    %parti/s 32, 0, 2;
    %load/vec4 v000002f043ef6840_0;
    %muli 32, 0, 32;
    %ix/vec4/s 4;
    %store/vec4 v000002f043ef68e0_0, 4, 32;
    %load/vec4 v000002f043ef6840_0;
    %addi 1, 0, 32;
    %store/vec4 v000002f043ef6840_0, 0, 32;
    %jmp T_0.76;
T_0.77 ;
    %jmp T_0.71;
T_0.69 ;
    %pushi/vec4 0, 0, 32;
    %store/vec4 v000002f043ef6840_0, 0, 32;
T_0.78 ;
    %load/vec4 v000002f043ef6840_0;
    %cmpi/u 2, 0, 32;
    %jmp/0xz T_0.79, 5;
    %load/vec4 v000002f043ef6980_0;
    %load/vec4 v000002f043ef6840_0;
    %muli 64, 0, 32;
    %part/s 64;
    %pad/s 257;
    %load/vec4 v000002f043ef6a20_0;
    %load/vec4 v000002f043ef6840_0;
    %muli 64, 0, 32;
    %part/s 64;
    %pad/s 257;
    %mul;
    %store/vec4 v000002f043d84240_0, 0, 257;
    %load/vec4 v000002f043d84240_0;
    %parti/s 64, 0, 2;
    %load/vec4 v000002f043ef6840_0;
    %muli 64, 0, 32;
    %ix/vec4/s 4;
    %store/vec4 v000002f043ef68e0_0, 4, 64;
    %load/vec4 v000002f043ef6840_0;
    %addi 1, 0, 32;
    %store/vec4 v000002f043ef6840_0, 0, 32;
    %jmp T_0.78;
T_0.79 ;
    %jmp T_0.71;
T_0.70 ;
    %load/vec4 v000002f043ef6980_0;
    %pad/s 257;
    %load/vec4 v000002f043ef6a20_0;
    %pad/s 257;
    %mul;
    %store/vec4 v000002f043d84240_0, 0, 257;
    %load/vec4 v000002f043d84240_0;
    %parti/s 128, 0, 2;
    %store/vec4 v000002f043ef68e0_0, 0, 128;
    %jmp T_0.71;
T_0.71 ;
    %pop/vec4 1;
    %jmp T_0.9;
T_0.5 ;
    %load/vec4 v000002f043ef8a20_0;
    %dup/vec4;
    %pushi/vec4 8, 0, 8;
    %cmp/u;
    %jmp/1 T_0.80, 6;
    %dup/vec4;
    %pushi/vec4 16, 0, 8;
    %cmp/u;
    %jmp/1 T_0.81, 6;
    %dup/vec4;
    %pushi/vec4 32, 0, 8;
    %cmp/u;
    %jmp/1 T_0.82, 6;
    %dup/vec4;
    %pushi/vec4 64, 0, 8;
    %cmp/u;
    %jmp/1 T_0.83, 6;
    %dup/vec4;
    %pushi/vec4 128, 0, 8;
    %cmp/u;
    %jmp/1 T_0.84, 6;
    %jmp T_0.85;
T_0.80 ;
    %pushi/vec4 0, 0, 32;
    %store/vec4 v000002f043ef6840_0, 0, 32;
T_0.86 ;
    %load/vec4 v000002f043ef6840_0;
    %cmpi/u 16, 0, 32;
    %jmp/0xz T_0.87, 5;
    %load/vec4 v000002f043ef6980_0;
    %load/vec4 v000002f043ef6840_0;
    %muli 8, 0, 32;
    %part/s 8;
    %pad/s 257;
    %load/vec4 v000002f043d84100_0;
    %parti/s 8, 0, 2;
    %pad/s 257;
    %mul;
    %store/vec4 v000002f043d84240_0, 0, 257;
    %load/vec4 v000002f043d84240_0;
    %parti/s 8, 0, 2;
    %load/vec4 v000002f043ef6840_0;
    %muli 8, 0, 32;
    %ix/vec4/s 4;
    %store/vec4 v000002f043ef68e0_0, 4, 8;
    %load/vec4 v000002f043ef6840_0;
    %addi 1, 0, 32;
    %store/vec4 v000002f043ef6840_0, 0, 32;
    %jmp T_0.86;
T_0.87 ;
    %jmp T_0.85;
T_0.81 ;
    %pushi/vec4 0, 0, 32;
    %store/vec4 v000002f043ef6840_0, 0, 32;
T_0.88 ;
    %load/vec4 v000002f043ef6840_0;
    %cmpi/u 8, 0, 32;
    %jmp/0xz T_0.89, 5;
    %load/vec4 v000002f043ef6980_0;
    %load/vec4 v000002f043ef6840_0;
    %muli 16, 0, 32;
    %part/s 16;
    %pad/s 257;
    %load/vec4 v000002f043d84100_0;
    %parti/s 16, 0, 2;
    %pad/s 257;
    %mul;
    %store/vec4 v000002f043d84240_0, 0, 257;
    %load/vec4 v000002f043d84240_0;
    %parti/s 16, 0, 2;
    %load/vec4 v000002f043ef6840_0;
    %muli 16, 0, 32;
    %ix/vec4/s 4;
    %store/vec4 v000002f043ef68e0_0, 4, 16;
    %load/vec4 v000002f043ef6840_0;
    %addi 1, 0, 32;
    %store/vec4 v000002f043ef6840_0, 0, 32;
    %jmp T_0.88;
T_0.89 ;
    %jmp T_0.85;
T_0.82 ;
    %pushi/vec4 0, 0, 32;
    %store/vec4 v000002f043ef6840_0, 0, 32;
T_0.90 ;
    %load/vec4 v000002f043ef6840_0;
    %cmpi/u 4, 0, 32;
    %jmp/0xz T_0.91, 5;
    %load/vec4 v000002f043ef6980_0;
    %load/vec4 v000002f043ef6840_0;
    %muli 32, 0, 32;
    %part/s 32;
    %pad/s 257;
    %load/vec4 v000002f043d84100_0;
    %parti/s 32, 0, 2;
    %pad/s 257;
    %mul;
    %store/vec4 v000002f043d84240_0, 0, 257;
    %load/vec4 v000002f043d84240_0;
    %parti/s 32, 0, 2;
    %load/vec4 v000002f043ef6840_0;
    %muli 32, 0, 32;
    %ix/vec4/s 4;
    %store/vec4 v000002f043ef68e0_0, 4, 32;
    %load/vec4 v000002f043ef6840_0;
    %addi 1, 0, 32;
    %store/vec4 v000002f043ef6840_0, 0, 32;
    %jmp T_0.90;
T_0.91 ;
    %jmp T_0.85;
T_0.83 ;
    %pushi/vec4 0, 0, 32;
    %store/vec4 v000002f043ef6840_0, 0, 32;
T_0.92 ;
    %load/vec4 v000002f043ef6840_0;
    %cmpi/u 2, 0, 32;
    %jmp/0xz T_0.93, 5;
    %load/vec4 v000002f043ef6980_0;
    %load/vec4 v000002f043ef6840_0;
    %muli 64, 0, 32;
    %part/s 64;
    %pad/s 257;
    %load/vec4 v000002f043d84100_0;
    %parti/s 64, 0, 2;
    %pad/s 257;
    %mul;
    %store/vec4 v000002f043d84240_0, 0, 257;
    %load/vec4 v000002f043d84240_0;
    %parti/s 64, 0, 2;
    %load/vec4 v000002f043ef6840_0;
    %muli 64, 0, 32;
    %ix/vec4/s 4;
    %store/vec4 v000002f043ef68e0_0, 4, 64;
    %load/vec4 v000002f043ef6840_0;
    %addi 1, 0, 32;
    %store/vec4 v000002f043ef6840_0, 0, 32;
    %jmp T_0.92;
T_0.93 ;
    %jmp T_0.85;
T_0.84 ;
    %load/vec4 v000002f043ef6980_0;
    %pad/s 257;
    %load/vec4 v000002f043d84100_0;
    %pad/s 257;
    %mul;
    %store/vec4 v000002f043d84240_0, 0, 257;
    %load/vec4 v000002f043d84240_0;
    %parti/s 128, 0, 2;
    %store/vec4 v000002f043ef68e0_0, 0, 128;
    %jmp T_0.85;
T_0.85 ;
    %pop/vec4 1;
    %jmp T_0.9;
T_0.6 ;
    %load/vec4 v000002f043ef8a20_0;
    %dup/vec4;
    %pushi/vec4 8, 0, 8;
    %cmp/u;
    %jmp/1 T_0.94, 6;
    %dup/vec4;
    %pushi/vec4 16, 0, 8;
    %cmp/u;
    %jmp/1 T_0.95, 6;
    %dup/vec4;
    %pushi/vec4 32, 0, 8;
    %cmp/u;
    %jmp/1 T_0.96, 6;
    %dup/vec4;
    %pushi/vec4 64, 0, 8;
    %cmp/u;
    %jmp/1 T_0.97, 6;
    %dup/vec4;
    %pushi/vec4 128, 0, 8;
    %cmp/u;
    %jmp/1 T_0.98, 6;
    %jmp T_0.99;
T_0.94 ;
    %pushi/vec4 0, 0, 32;
    %store/vec4 v000002f043ef6840_0, 0, 32;
T_0.100 ;
    %load/vec4 v000002f043ef6840_0;
    %cmpi/u 16, 0, 32;
    %jmp/0xz T_0.101, 5;
    %load/vec4 v000002f043ef6980_0;
    %load/vec4 v000002f043d841a0_0;
    %cmp/u;
    %jmp/0xz  T_0.102, 5;
    %load/vec4 v000002f043ef6980_0;
    %store/vec4 v000002f043d841a0_0, 0, 128;
T_0.102 ;
    %load/vec4 v000002f043ef6840_0;
    %addi 1, 0, 32;
    %store/vec4 v000002f043ef6840_0, 0, 32;
    %jmp T_0.100;
T_0.101 ;
    %load/vec4 v000002f043d841a0_0;
    %store/vec4 v000002f043ef68e0_0, 0, 128;
    %jmp T_0.99;
T_0.95 ;
    %pushi/vec4 0, 0, 32;
    %store/vec4 v000002f043ef6840_0, 0, 32;
T_0.104 ;
    %load/vec4 v000002f043ef6840_0;
    %cmpi/u 8, 0, 32;
    %jmp/0xz T_0.105, 5;
    %load/vec4 v000002f043ef6980_0;
    %load/vec4 v000002f043d841a0_0;
    %cmp/u;
    %jmp/0xz  T_0.106, 5;
    %load/vec4 v000002f043ef6980_0;
    %store/vec4 v000002f043d841a0_0, 0, 128;
T_0.106 ;
    %load/vec4 v000002f043ef6840_0;
    %addi 1, 0, 32;
    %store/vec4 v000002f043ef6840_0, 0, 32;
    %jmp T_0.104;
T_0.105 ;
    %load/vec4 v000002f043d841a0_0;
    %store/vec4 v000002f043ef68e0_0, 0, 128;
    %jmp T_0.99;
T_0.96 ;
    %pushi/vec4 0, 0, 32;
    %store/vec4 v000002f043ef6840_0, 0, 32;
T_0.108 ;
    %load/vec4 v000002f043ef6840_0;
    %cmpi/u 4, 0, 32;
    %jmp/0xz T_0.109, 5;
    %load/vec4 v000002f043ef6980_0;
    %load/vec4 v000002f043d841a0_0;
    %cmp/u;
    %jmp/0xz  T_0.110, 5;
    %load/vec4 v000002f043ef6980_0;
    %store/vec4 v000002f043d841a0_0, 0, 128;
T_0.110 ;
    %load/vec4 v000002f043ef6840_0;
    %addi 1, 0, 32;
    %store/vec4 v000002f043ef6840_0, 0, 32;
    %jmp T_0.108;
T_0.109 ;
    %load/vec4 v000002f043d841a0_0;
    %store/vec4 v000002f043ef68e0_0, 0, 128;
    %jmp T_0.99;
T_0.97 ;
    %pushi/vec4 0, 0, 32;
    %store/vec4 v000002f043ef6840_0, 0, 32;
T_0.112 ;
    %load/vec4 v000002f043ef6840_0;
    %cmpi/u 2, 0, 32;
    %jmp/0xz T_0.113, 5;
    %load/vec4 v000002f043ef6980_0;
    %load/vec4 v000002f043d841a0_0;
    %cmp/u;
    %jmp/0xz  T_0.114, 5;
    %load/vec4 v000002f043ef6980_0;
    %store/vec4 v000002f043d841a0_0, 0, 128;
T_0.114 ;
    %load/vec4 v000002f043ef6840_0;
    %addi 1, 0, 32;
    %store/vec4 v000002f043ef6840_0, 0, 32;
    %jmp T_0.112;
T_0.113 ;
    %load/vec4 v000002f043d841a0_0;
    %store/vec4 v000002f043ef68e0_0, 0, 128;
    %jmp T_0.99;
T_0.98 ;
    %load/vec4 v000002f043ef6980_0;
    %store/vec4 v000002f043ef68e0_0, 0, 128;
    %jmp T_0.99;
T_0.99 ;
    %pop/vec4 1;
    %jmp T_0.9;
T_0.7 ;
    %load/vec4 v000002f043ef8a20_0;
    %dup/vec4;
    %pushi/vec4 8, 0, 8;
    %cmp/u;
    %jmp/1 T_0.116, 6;
    %dup/vec4;
    %pushi/vec4 16, 0, 8;
    %cmp/u;
    %jmp/1 T_0.117, 6;
    %dup/vec4;
    %pushi/vec4 32, 0, 8;
    %cmp/u;
    %jmp/1 T_0.118, 6;
    %dup/vec4;
    %pushi/vec4 64, 0, 8;
    %cmp/u;
    %jmp/1 T_0.119, 6;
    %dup/vec4;
    %pushi/vec4 128, 0, 8;
    %cmp/u;
    %jmp/1 T_0.120, 6;
    %jmp T_0.121;
T_0.116 ;
    %pushi/vec4 0, 0, 32;
    %store/vec4 v000002f043ef6840_0, 0, 32;
T_0.122 ;
    %load/vec4 v000002f043ef6840_0;
    %cmpi/u 16, 0, 32;
    %jmp/0xz T_0.123, 5;
    %load/vec4 v000002f043d841a0_0;
    %load/vec4 v000002f043ef6980_0;
    %cmp/u;
    %jmp/0xz  T_0.124, 5;
    %load/vec4 v000002f043ef6980_0;
    %store/vec4 v000002f043d841a0_0, 0, 128;
T_0.124 ;
    %load/vec4 v000002f043ef6840_0;
    %addi 1, 0, 32;
    %store/vec4 v000002f043ef6840_0, 0, 32;
    %jmp T_0.122;
T_0.123 ;
    %load/vec4 v000002f043d841a0_0;
    %store/vec4 v000002f043ef68e0_0, 0, 128;
    %jmp T_0.121;
T_0.117 ;
    %pushi/vec4 0, 0, 32;
    %store/vec4 v000002f043ef6840_0, 0, 32;
T_0.126 ;
    %load/vec4 v000002f043ef6840_0;
    %cmpi/u 8, 0, 32;
    %jmp/0xz T_0.127, 5;
    %load/vec4 v000002f043d841a0_0;
    %load/vec4 v000002f043ef6980_0;
    %cmp/u;
    %jmp/0xz  T_0.128, 5;
    %load/vec4 v000002f043ef6980_0;
    %store/vec4 v000002f043d841a0_0, 0, 128;
T_0.128 ;
    %load/vec4 v000002f043ef6840_0;
    %addi 1, 0, 32;
    %store/vec4 v000002f043ef6840_0, 0, 32;
    %jmp T_0.126;
T_0.127 ;
    %load/vec4 v000002f043d841a0_0;
    %store/vec4 v000002f043ef68e0_0, 0, 128;
    %jmp T_0.121;
T_0.118 ;
    %pushi/vec4 0, 0, 32;
    %store/vec4 v000002f043ef6840_0, 0, 32;
T_0.130 ;
    %load/vec4 v000002f043ef6840_0;
    %cmpi/u 4, 0, 32;
    %jmp/0xz T_0.131, 5;
    %load/vec4 v000002f043d841a0_0;
    %load/vec4 v000002f043ef6980_0;
    %cmp/u;
    %jmp/0xz  T_0.132, 5;
    %load/vec4 v000002f043ef6980_0;
    %store/vec4 v000002f043d841a0_0, 0, 128;
T_0.132 ;
    %load/vec4 v000002f043ef6840_0;
    %addi 1, 0, 32;
    %store/vec4 v000002f043ef6840_0, 0, 32;
    %jmp T_0.130;
T_0.131 ;
    %load/vec4 v000002f043d841a0_0;
    %store/vec4 v000002f043ef68e0_0, 0, 128;
    %jmp T_0.121;
T_0.119 ;
    %pushi/vec4 0, 0, 32;
    %store/vec4 v000002f043ef6840_0, 0, 32;
T_0.134 ;
    %load/vec4 v000002f043ef6840_0;
    %cmpi/u 2, 0, 32;
    %jmp/0xz T_0.135, 5;
    %load/vec4 v000002f043d841a0_0;
    %load/vec4 v000002f043ef6980_0;
    %cmp/u;
    %jmp/0xz  T_0.136, 5;
    %load/vec4 v000002f043ef6980_0;
    %store/vec4 v000002f043d841a0_0, 0, 128;
T_0.136 ;
    %load/vec4 v000002f043ef6840_0;
    %addi 1, 0, 32;
    %store/vec4 v000002f043ef6840_0, 0, 32;
    %jmp T_0.134;
T_0.135 ;
    %load/vec4 v000002f043d841a0_0;
    %store/vec4 v000002f043ef68e0_0, 0, 128;
    %jmp T_0.121;
T_0.120 ;
    %load/vec4 v000002f043ef6980_0;
    %store/vec4 v000002f043ef68e0_0, 0, 128;
    %jmp T_0.121;
T_0.121 ;
    %pop/vec4 1;
    %jmp T_0.9;
T_0.9 ;
    %pop/vec4 1;
    %jmp T_0;
    .thread T_0, $push;
# The file index is used to find the file name in the following table.
:file_names 3;
    "N/A";
    "<interactive>";
    "valu.v";
